{
  "stats": {
    "suites": 1,
    "tests": 0,
    "passes": 0,
    "pending": 0,
    "failures": 0,
    "start": "2021-05-24T06:23:29.017Z",
    "end": "2021-05-24T06:23:30.663Z",
    "duration": 1646,
    "testsRegistered": 1,
    "passPercent": 0,
    "pendingPercent": 0,
    "other": 1,
    "hasOther": true,
    "skipped": 1,
    "hasSkipped": true
  },
  "results": [
    {
      "uuid": "bd38bc1c-5572-42c7-b226-ed1b0ef0ab9f",
      "title": "",
      "fullFile": "",
      "file": "",
      "beforeHooks": [],
      "afterHooks": [],
      "tests": [],
      "suites": [
        {
          "uuid": "522900fe-ed04-4837-9fc1-b55db0231048",
          "title": "Checkout Google.com",
          "fullFile": "/Users/STZ1597/Desktop/testpage/test/test.js",
          "file": "/test/test.js",
          "beforeHooks": [
            {
              "title": "\"before all\" hook for \"Search on Google\"",
              "fullTitle": "Checkout Google.com \"before all\" hook for \"Search on Google\"",
              "timedOut": false,
              "duration": 1641,
              "state": "failed",
              "speed": null,
              "pass": false,
              "fail": true,
              "pending": false,
              "context": null,
              "code": "driver = await new Builder().forBrowser('chrome').build();",
              "err": {
                "message": "SessionNotCreatedError: session not created: This version of ChromeDriver only supports Chrome version 79",
                "estack": "SessionNotCreatedError: session not created: This version of ChromeDriver only supports Chrome version 79\n    at Object.throwDecodedError (node_modules/selenium-webdriver/lib/error.js:517:15)\n    at parseHttpResponse (node_modules/selenium-webdriver/lib/http.js:642:13)\n    at Executor.execute (node_modules/selenium-webdriver/lib/http.js:568:28)\n    at processTicksAndRejections (internal/process/task_queues.js:93:5)",
                "diff": null
              },
              "uuid": "1989f557-d6e1-4432-9e4b-d7a7c7d06c91",
              "parentUUID": "522900fe-ed04-4837-9fc1-b55db0231048",
              "isHook": true,
              "skipped": false
            }
          ],
          "afterHooks": [
            {
              "title": "\"after all\" hook in \"Checkout Google.com\"",
              "fullTitle": "Checkout Google.com \"after all\" hook in \"Checkout Google.com\"",
              "timedOut": false,
              "duration": 0,
              "state": null,
              "speed": null,
              "pass": false,
              "fail": false,
              "pending": false,
              "context": null,
              "code": "driver && driver.quit()",
              "err": {},
              "uuid": "1dbc2db2-6dc9-444d-aec2-6d40ccfb0da9",
              "parentUUID": "522900fe-ed04-4837-9fc1-b55db0231048",
              "isHook": true,
              "skipped": false
            }
          ],
          "tests": [
            {
              "title": "Search on Google",
              "fullTitle": "Checkout Google.com Search on Google",
              "timedOut": false,
              "duration": 0,
              "state": null,
              "speed": null,
              "pass": false,
              "fail": false,
              "pending": false,
              "context": null,
              "code": "// Load the page\nawait driver.get('https://google.com');\n// Find the search box by id\nawait driver.findElement(By.id('lst-ib')).click();\n// Enter keywords and click enter\nawait driver.findElement(By.id('lst-ib')).sendKeys('dalenguyen', Key.RETURN);\n// Wait for the results box by id\nawait driver.wait(until.elementLocated(By.id('rcnt')), 10000);\n// We will get the title value and test it\nlet title = await driver.getTitle();\nassert.equal(title, 'dalenguyen - Google Search');",
              "err": {},
              "uuid": "46eb111e-150f-40d1-ba2b-c4978463b2e6",
              "parentUUID": "522900fe-ed04-4837-9fc1-b55db0231048",
              "isHook": false,
              "skipped": true
            }
          ],
          "suites": [],
          "passes": [],
          "failures": [],
          "pending": [],
          "skipped": [
            "46eb111e-150f-40d1-ba2b-c4978463b2e6"
          ],
          "duration": 0,
          "root": false,
          "rootEmpty": false,
          "_timeout": 5000
        }
      ],
      "passes": [],
      "failures": [],
      "pending": [],
      "skipped": [],
      "duration": 0,
      "root": true,
      "rootEmpty": true,
      "_timeout": 5000
    }
  ],
  "meta": {
    "mocha": {
      "version": "8.4.0"
    },
    "mochawesome": {
      "options": {
        "quiet": false,
        "reportFilename": "mochawesome",
        "saveHtml": true,
        "saveJson": true,
        "consoleReporter": "spec",
        "useInlineDiffs": false
      },
      "version": "4.1.0"
    },
    "marge": {
      "options": null,
      "version": "4.1.0"
    }
  }
}